Using pre-set license
Built from '2022.1/staging' branch; Version is '2022.1.19f1 (2fd7b40534d1) revision 3135412'; Using compiler version '192829333'; Build Type 'Release'
OS: 'Windows 11  (10.0.22621) 64bit Professional' Language: 'tr' Physical Memory: 16163 MB
BatchMode: 1, IsHumanControllingUs: 0, StartBugReporterOnCrash: 0, Is64bit: 1, IsPro: 1

COMMAND LINE ARGUMENTS:
C:\Program Files\Unity\Hub\Editor\2022.1.19f1\Editor\Unity.exe
-adb2
-batchMode
-noUpm
-name
AssetImportWorker2
-projectPath
C:/Program Files/Unity/unity/AnUnknownGame/AnUnknownGame
-logFile
Logs/AssetImportWorker2.log
-srvPort
58142
Successfully changed project path to: C:/Program Files/Unity/unity/AnUnknownGame/AnUnknownGame
C:/Program Files/Unity/unity/AnUnknownGame/AnUnknownGame
[UnityMemory] Configuration Parameters - Can be set up in boot.config
    "memorysetup-bucket-allocator-granularity=16"
    "memorysetup-bucket-allocator-bucket-count=8"
    "memorysetup-bucket-allocator-block-size=33554432"
    "memorysetup-bucket-allocator-block-count=8"
    "memorysetup-main-allocator-block-size=16777216"
    "memorysetup-thread-allocator-block-size=16777216"
    "memorysetup-gfx-main-allocator-block-size=16777216"
    "memorysetup-gfx-thread-allocator-block-size=16777216"
    "memorysetup-cache-allocator-block-size=4194304"
    "memorysetup-typetree-allocator-block-size=2097152"
    "memorysetup-profiler-bucket-allocator-granularity=16"
    "memorysetup-profiler-bucket-allocator-bucket-count=8"
    "memorysetup-profiler-bucket-allocator-block-size=33554432"
    "memorysetup-profiler-bucket-allocator-block-count=8"
    "memorysetup-profiler-allocator-block-size=16777216"
    "memorysetup-profiler-editor-allocator-block-size=1048576"
    "memorysetup-temp-allocator-size-main=16777216"
    "memorysetup-job-temp-allocator-block-size=2097152"
    "memorysetup-job-temp-allocator-block-size-background=1048576"
    "memorysetup-job-temp-allocator-reduction-small-platforms=262144"
    "memorysetup-temp-allocator-size-background-worker=32768"
    "memorysetup-temp-allocator-size-job-worker=262144"
    "memorysetup-temp-allocator-size-preload-manager=33554432"
    "memorysetup-temp-allocator-size-nav-mesh-worker=65536"
    "memorysetup-temp-allocator-size-audio-worker=65536"
    "memorysetup-temp-allocator-size-cloud-worker=32768"
    "memorysetup-temp-allocator-size-gi-baking-worker=262144"
    "memorysetup-temp-allocator-size-gfx=262144"
Refreshing native plugins compatible for Editor in 63.35 ms, found 3 plugins.
Preloading 0 native plugins for Editor in 0.00 ms.
Initialize engine version: 2022.1.19f1 (2fd7b40534d1)
[Subsystems] Discovering subsystems at path C:/Program Files/Unity/Hub/Editor/2022.1.19f1/Editor/Data/Resources/UnitySubsystems
[Subsystems] Discovering subsystems at path C:/Program Files/Unity/unity/AnUnknownGame/AnUnknownGame/Assets
GfxDevice: creating device client; threaded=0; jobified=0
Direct3D:
    Version:  Direct3D 11.0 [level 11.1]
    Renderer: NVIDIA GeForce RTX 3050 Ti Laptop GPU (ID=0x25a0)
    Vendor:   NVIDIA
    VRAM:     3976 MB
    Driver:   31.0.15.2802
Initialize mono
Mono path[0] = 'C:/Program Files/Unity/Hub/Editor/2022.1.19f1/Editor/Data/Managed'
Mono path[1] = 'C:/Program Files/Unity/Hub/Editor/2022.1.19f1/Editor/Data/MonoBleedingEdge/lib/mono/unityjit-win32'
Mono config path = 'C:/Program Files/Unity/Hub/Editor/2022.1.19f1/Editor/Data/MonoBleedingEdge/etc'
Using monoOptions --debugger-agent=transport=dt_socket,embedding=1,server=y,suspend=n,address=127.0.0.1:56268
Begin MonoManager ReloadAssembly
Registering precompiled unity dll's ...
Register platform support module: C:/Program Files/Unity/Hub/Editor/2022.1.19f1/Editor/Data/PlaybackEngines/AndroidPlayer/UnityEditor.Android.Extensions.dll
Register platform support module: C:/Program Files/Unity/Hub/Editor/2022.1.19f1/Editor/Data/PlaybackEngines/WindowsStandaloneSupport/UnityEditor.WindowsStandalone.Extensions.dll
Registered in 0.003557 seconds.
Native extension for WindowsStandalone target not found
Native extension for Android target not found
Refreshing native plugins compatible for Editor in 60.36 ms, found 3 plugins.
Preloading 0 native plugins for Editor in 0.00 ms.
Mono: successfully reloaded assembly
- Completed reload, in  0.576 seconds
Domain Reload Profiling:
	ReloadAssembly (577ms)
		BeginReloadAssembly (64ms)
			ExecutionOrderSort (0ms)
			DisableScriptedObjects (0ms)
			BackupInstance (0ms)
			ReleaseScriptingObjects (0ms)
			CreateAndSetChildDomain (1ms)
		EndReloadAssembly (424ms)
			LoadAssemblies (64ms)
			RebuildTransferFunctionScriptingTraits (0ms)
			SetupTypeCache (105ms)
				TypeCache.Initialize (105ms)
					TypeCache.ScanAssembly (104ms)
				ResolveRequiredComponents (0ms)
			ReleaseScriptCaches (0ms)
			RebuildScriptCaches (25ms)
			SetupLoadedEditorAssemblies (248ms)
				LogAssemblyErrors (0ms)
				InitializePlatformSupportModulesInManaged (46ms)
				SetLoadedEditorAssemblies (8ms)
				RefreshPlugins (60ms)
				BeforeProcessingInitializeOnLoad (1ms)
				ProcessInitializeOnLoadAttributes (95ms)
				ProcessInitializeOnLoadMethodAttributes (37ms)
				AfterProcessingInitializeOnLoad (0ms)
				EditorAssembliesLoaded (0ms)
			ExecutionOrderSort2 (0ms)
			AwakeInstancesAfterBackupRestoration (0ms)
Platform modules already initialized, skipping
Registering precompiled user dll's ...
Registered in 0.003957 seconds.
Begin MonoManager ReloadAssembly
Symbol file LoadedFromMemory doesn't match image C:\Program Files\Unity\unity\AnUnknownGame\AnUnknownGame\Library\PackageCache\com.unity.visualscripting@1.7.8\Editor\VisualScripting.Core\Dependencies\YamlDotNet\Unity.VisualScripting.YamlDotNet.dll
Symbol file LoadedFromMemory doesn't match image C:\Program Files\Unity\unity\AnUnknownGame\AnUnknownGame\Library\PackageCache\com.unity.visualscripting@1.7.8\Editor\VisualScripting.Core\Dependencies\DotNetZip\Unity.VisualScripting.IonicZip.dll
Native extension for WindowsStandalone target not found
Native extension for Android target not found
Refreshing native plugins compatible for Editor in 0.53 ms, found 3 plugins.
Preloading 0 native plugins for Editor in 0.00 ms.
Mono: successfully reloaded assembly
- Completed reload, in  0.989 seconds
Domain Reload Profiling:
	ReloadAssembly (989ms)
		BeginReloadAssembly (195ms)
			ExecutionOrderSort (0ms)
			DisableScriptedObjects (4ms)
			BackupInstance (0ms)
			ReleaseScriptingObjects (0ms)
			CreateAndSetChildDomain (122ms)
		EndReloadAssembly (699ms)
			LoadAssemblies (60ms)
			RebuildTransferFunctionScriptingTraits (0ms)
			SetupTypeCache (245ms)
				TypeCache.Initialize (241ms)
					TypeCache.ScanAssembly (237ms)
				ResolveRequiredComponents (3ms)
			ReleaseScriptCaches (1ms)
			RebuildScriptCaches (45ms)
			SetupLoadedEditorAssemblies (302ms)
				LogAssemblyErrors (0ms)
				InitializePlatformSupportModulesInManaged (11ms)
				SetLoadedEditorAssemblies (6ms)
				RefreshPlugins (1ms)
				BeforeProcessingInitializeOnLoad (68ms)
				ProcessInitializeOnLoadAttributes (189ms)
				ProcessInitializeOnLoadMethodAttributes (25ms)
				AfterProcessingInitializeOnLoad (4ms)
				EditorAssembliesLoaded (0ms)
			ExecutionOrderSort2 (0ms)
			AwakeInstancesAfterBackupRestoration (4ms)
Platform modules already initialized, skipping
========================================================================
Worker process is ready to serve import requests
Launched and connected shader compiler UnityShaderCompiler.exe after 0.03 seconds
Refreshing native plugins compatible for Editor in 0.54 ms, found 3 plugins.
Preloading 0 native plugins for Editor in 0.00 ms.
Unloading 3403 Unused Serialized files (Serialized files now loaded: 0)
Unloading 26 unused Assets / (58.6 KB). Loaded Objects now: 3868.
Memory consumption went from 0.51 GB to 0.51 GB.
Total: 2.987500 ms (FindLiveObjects: 0.289700 ms CreateObjectMapping: 0.093400 ms MarkObjects: 2.521700 ms  DeleteObjects: 0.081200 ms)

AssetImportParameters requested are different than current active one (requested -> active):
  custom:video-decoder-ogg-theora: a1e56fd34408186e4bbccfd4996cb3dc -> 
  custom:container-muxer-webm: aa71ff27fc2769a1b78a27578f13a17b -> 
  custom:container-demuxer-webm: 4f35f7cbe854078d1ac9338744f61a02 -> 
  custom:video-encoder-webm-vp8: eb34c28f22e8b96e1ab97ce403110664 -> 
  custom:audio-encoder-webm-vorbis: bf7c407c2cedff20999df2af8eb42d56 -> 
  custom:framework-win-MediaFoundation: 216162199b28c13a410421893ffa2e32 -> 
  custom:container-demuxer-ogg: 62fdf1f143b41e24485cea50d1cbac27 -> 
  custom:video-decoder-webm-vp8: 9c59270c3fd7afecdb556c50c9e8de78 -> 
  custom:audio-decoder-ogg-vorbis: bf7c407c2cedff20999df2af8eb42d56 -> 
========================================================================
Received Import Request.
  Time since last request: 4027.788264 seconds.
  path: Assets/Character/Ch02_nonPBR.fbx
  artifactKey: Guid(15034c76aed5ef84eaa0747d3d6a82ad) Importer(815301076,1909f56bfc062723c751e8b465ee728b)
Start importing Assets/Character/Ch02_nonPBR.fbx using Guid(15034c76aed5ef84eaa0747d3d6a82ad) Importer(815301076,1909f56bfc062723c751e8b465ee728b)  -> (artifact id: 'e0bc814212c97e3c170355dd06b1134f') in 0.398816 seconds 
========================================================================
Received Import Request.
  Time since last request: 35.875539 seconds.
  path: Assets/Character/Tokyo.fbx
  artifactKey: Guid(15034c76aed5ef84eaa0747d3d6a82ad) Importer(815301076,1909f56bfc062723c751e8b465ee728b)
Start importing Assets/Character/Tokyo.fbx using Guid(15034c76aed5ef84eaa0747d3d6a82ad) Importer(815301076,1909f56bfc062723c751e8b465ee728b)  -> (artifact id: '2fe3ee79ddfb22fe28bc36d010768667') in 0.105293 seconds 
========================================================================
Received Import Request.
  Time since last request: 44.764676 seconds.
  path: Assets/Character/Textures
  artifactKey: Guid(185aba6586c6a3548afddbe4151c5a87) Importer(815301076,1909f56bfc062723c751e8b465ee728b)
Start importing Assets/Character/Textures using Guid(185aba6586c6a3548afddbe4151c5a87) Importer(815301076,1909f56bfc062723c751e8b465ee728b)  -> (artifact id: 'dea7b7321aeeeb7b64c2b5f3771708ee') in 0.005404 seconds 
========================================================================
Received Import Request.
  Time since last request: 9.631094 seconds.
  path: Assets/Character/Tokyo.fbx
  artifactKey: Guid(15034c76aed5ef84eaa0747d3d6a82ad) Importer(815301076,1909f56bfc062723c751e8b465ee728b)
Start importing Assets/Character/Tokyo.fbx using Guid(15034c76aed5ef84eaa0747d3d6a82ad) Importer(815301076,1909f56bfc062723c751e8b465ee728b)  -> (artifact id: '9aa0f63bc66d4c740398874d6e283247') in 0.520541 seconds 
========================================================================
Received Import Request.
  Time since last request: 9.604173 seconds.
  path: Assets/Character/Tokyo.fbx
  artifactKey: Guid(15034c76aed5ef84eaa0747d3d6a82ad) Importer(815301076,1909f56bfc062723c751e8b465ee728b)
Start importing Assets/Character/Tokyo.fbx using Guid(15034c76aed5ef84eaa0747d3d6a82ad) Importer(815301076,1909f56bfc062723c751e8b465ee728b)  -> (artifact id: '4fda9fb4ffe681ca3c6b66775c558487') in 0.209420 seconds 
========================================================================
Received Import Request.
  Time since last request: 17.961088 seconds.
  path: Assets/Character/Textures/Ch02_1001_Diffuse.png
  artifactKey: Guid(fff0673160e9b6f48b44fdd9378e22ea) Importer(815301076,1909f56bfc062723c751e8b465ee728b)
Start importing Assets/Character/Textures/Ch02_1001_Diffuse.png using Guid(fff0673160e9b6f48b44fdd9378e22ea) Importer(815301076,1909f56bfc062723c751e8b465ee728b)  -> (artifact id: '61a00dd31c49e83c281862df4287e4b3') in 0.038040 seconds 
========================================================================
Received Import Request.
  Time since last request: 0.000035 seconds.
  path: Assets/Character/Textures/Ch02_1001_Specular.png
  artifactKey: Guid(4f0851cd244df05499a281848a77b9f7) Importer(815301076,1909f56bfc062723c751e8b465ee728b)
Start importing Assets/Character/Textures/Ch02_1001_Specular.png using Guid(4f0851cd244df05499a281848a77b9f7) Importer(815301076,1909f56bfc062723c751e8b465ee728b)  -> (artifact id: '95c3b22d0775313c8cd3f0183d0955cb') in 0.065933 seconds 
========================================================================
Received Import Request.
  Time since last request: 0.000046 seconds.
  path: Assets/Character/Textures/Ch02_1001_Normal.png
  artifactKey: Guid(fbd072b5cf498e546bce6c2fc1c8d394) Importer(815301076,1909f56bfc062723c751e8b465ee728b)
Start importing Assets/Character/Textures/Ch02_1001_Normal.png using Guid(fbd072b5cf498e546bce6c2fc1c8d394) Importer(815301076,1909f56bfc062723c751e8b465ee728b)  -> (artifact id: '3bf9d112070e1f3913d0967f95f30ebc') in 0.028040 seconds 
Editor requested this worker to shutdown with reason: Scaling down because of idle timeout
AssetImportWorker is now disconnected from the server
Process exiting
Exiting without the bug reporter. Application will terminate with return code 0